<?xml version="1.0" encoding="UTF-8"?>
<!-- Generated by org.testng.reporters.JUnitXMLReporter -->
<testsuite hostname="Abdou-PC" ignored="0" name="Test" tests="14" failures="1" timestamp="27 dÃ©c. 2020 12:46:32 GMT" time="397.681" errors="0">
  <testcase name="testSentEmail" time="1.796" classname="sentEmail.SentEmailTest"/>
  <testcase name="testWaitExmaple2" time="6.35" classname="wait.Example2LoadingTest"/>
  <testcase name="testStatusCodes" time="0.958" classname="status.StatusCodeTest"/>
  <testcase name="testStatusCodes" time="1.111" classname="status.StatusCodeTest"/>
  <testcase name="testStatusCodes" time="1.845" classname="status.StatusCodeTest"/>
  <testcase name="testStatusCodes" time="1.688" classname="status.StatusCodeTest"/>
  <testcase name="testStatusCodes" time="30.626" classname="status.StatusCodeTest">
    <failure type="org.openqa.selenium.NoSuchElementException" message="no such element: Unable to locate element: {&amp;quot;method&amp;quot;:&amp;quot;link text&amp;quot;,&amp;quot;selector&amp;quot;:&amp;quot;521&amp;quot;}
  (Session info: chrome=87.0.4280.88)
For documentation on this error, please visit: http://seleniumhq.org/exceptions/no_such_element.html
Build info: version: &amp;apos;3.6.0&amp;apos;, revision: &amp;apos;6fbf3ec767&amp;apos;, time: &amp;apos;2017-09-27T15:28:36.4Z&amp;apos;
System info: host: &amp;apos;ABDOU-PC&amp;apos;, ip: &amp;apos;169.254.158.117&amp;apos;, os.name: &amp;apos;Windows 7&amp;apos;, os.arch: &amp;apos;amd64&amp;apos;, os.version: &amp;apos;6.1&amp;apos;, java.version: &amp;apos;1.8.0_131&amp;apos;
Driver info: org.openqa.selenium.chrome.ChromeDriver
Capabilities [{networkConnectionEnabled=false, chrome={chromedriverVersion=87.0.4280.88 (89e2380a3e36c3464b5dd1302349b1382549290d-refs/branch-heads/4280@{#1761}), userDataDir=C:\Users\Abdou\AppData\Local\Temp\scoped_dir9144_1068129603}, timeouts={implicit=0, pageLoad=300000, script=30000}, pageLoadStrategy=normal, unhandledPromptBehavior=dismiss and notify, strictFileInteractability=false, platform=WINDOWS, proxy=Proxy(), goog:chromeOptions={debuggerAddress=localhost:58600}, acceptInsecureCerts=false, browserVersion=87.0.4280.88, browserName=chrome, javascriptEnabled=true, platformName=WINDOWS, setWindowRect=true, webauthn:virtualAuthenticators=true}]
Session ID: 79e0dfc38945a57154ddb365fc214b55
*** Element info: {Using=link text, value=521}">
      <![CDATA[org.openqa.selenium.NoSuchElementException: no such element: Unable to locate element: {"method":"link text","selector":"521"}
  (Session info: chrome=87.0.4280.88)
For documentation on this error, please visit: http://seleniumhq.org/exceptions/no_such_element.html
Build info: version: '3.6.0', revision: '6fbf3ec767', time: '2017-09-27T15:28:36.4Z'
System info: host: 'ABDOU-PC', ip: '169.254.158.117', os.name: 'Windows 7', os.arch: 'amd64', os.version: '6.1', java.version: '1.8.0_131'
Driver info: org.openqa.selenium.chrome.ChromeDriver
Capabilities [{networkConnectionEnabled=false, chrome={chromedriverVersion=87.0.4280.88 (89e2380a3e36c3464b5dd1302349b1382549290d-refs/branch-heads/4280@{#1761}), userDataDir=C:\Users\Abdou\AppData\Local\Temp\scoped_dir9144_1068129603}, timeouts={implicit=0, pageLoad=300000, script=30000}, pageLoadStrategy=normal, unhandledPromptBehavior=dismiss and notify, strictFileInteractability=false, platform=WINDOWS, proxy=Proxy(), goog:chromeOptions={debuggerAddress=localhost:58600}, acceptInsecureCerts=false, browserVersion=87.0.4280.88, browserName=chrome, javascriptEnabled=true, platformName=WINDOWS, setWindowRect=true, webauthn:virtualAuthenticators=true}]
Session ID: 79e0dfc38945a57154ddb365fc214b55
*** Element info: {Using=link text, value=521}
at org.openqa.selenium.remote.http.W3CHttpResponseCodec.createException(W3CHttpResponseCodec.java:185)
at org.openqa.selenium.remote.http.W3CHttpResponseCodec.decode(W3CHttpResponseCodec.java:120)
at org.openqa.selenium.remote.http.W3CHttpResponseCodec.decode(W3CHttpResponseCodec.java:49)
at org.openqa.selenium.remote.HttpCommandExecutor.execute(HttpCommandExecutor.java:164)
at org.openqa.selenium.remote.service.DriverCommandExecutor.execute(DriverCommandExecutor.java:83)
at org.openqa.selenium.remote.RemoteWebDriver.execute(RemoteWebDriver.java:586)
at org.openqa.selenium.remote.RemoteWebDriver.findElement(RemoteWebDriver.java:356)
at org.openqa.selenium.remote.RemoteWebDriver.findElementByLinkText(RemoteWebDriver.java:410)
at org.openqa.selenium.By$ByLinkText.findElement(By.java:246)
at org.openqa.selenium.remote.RemoteWebDriver.findElement(RemoteWebDriver.java:348)
at pages.StatusCodesPage.clickLinkCode(StatusCodesPage.java:19)
at pages.StatusCodesPage.clickStatusCode(StatusCodesPage.java:14)
at status.StatusCodeTest.testStatusCodes(StatusCodeTest.java:16)
... Removed 29 stack frames]]>
    </failure>
  </testcase> <!-- testStatusCodes -->
  <testcase name="testWaitExmaple1" time="6.479" classname="wait.Example1LoadingTest"/>
  <testcase name="testSuccessfulLogin" time="2.546" classname="login.LoginTest"/>
  <testcase name="testSuccessfulLogin" time="2.111" classname="login.LoginTest"/>
  <testcase name="testGeolocation" time="1.028" classname="geolocation.GeolocationTest"/>
  <testcase name="testAcceptAlert" time="0.665" classname="alert.AlertTest"/>
  <testcase name="testGetTextFromAlert" time="0.767" classname="alert.AlertTest"/>
  <testcase name="testSetInputInAlert" time="0.671" classname="alert.AlertTest"/>
</testsuite> <!-- Test -->
